#
# There is insufficient memory for the Java Runtime Environment to continue.
# Native memory allocation (malloc) failed to allocate 1048576 bytes for AllocateHeap
# Possible reasons:
#   The system is out of physical RAM or swap space
#   In 32 bit mode, the process size limit was hit
# Possible solutions:
#   Reduce memory load on the system
#   Increase physical memory or swap space
#   Check if swap backing store is full
#   Use 64 bit Java on a 64 bit OS
#   Decrease Java heap size (-Xmx/-Xms)
#   Decrease number of Java threads
#   Decrease Java thread stack sizes (-Xss)
#   Set larger code cache with -XX:ReservedCodeCacheSize=
# This output file may be truncated or incomplete.
#
#  Out of Memory Error (memory/allocation.inline.hpp:62), pid=3904, tid=9112
#
# JRE version:  (8.0_20-b26) (build )
# Java VM: Java HotSpot(TM) 64-Bit Server VM (25.20-b23 mixed mode windows-amd64 compressed oops)
# Failed to write core dump. Minidumps are not enabled by default on client versions of Windows
#

---------------  T H R E A D  ---------------

Current thread (0x0000000001f50800):  JavaThread "Unknown thread" [_thread_in_vm, id=9112, stack(0x0000000001e30000,0x0000000001f30000)]

Stack: [0x0000000001e30000,0x0000000001f30000]
Native frames: (J=compiled Java code, j=interpreted, Vv=VM code, C=native code)
V  [jvm.dll+0x3152fa]
V  [jvm.dll+0x265d03]
V  [jvm.dll+0x266943]
V  [jvm.dll+0x25e265]
V  [jvm.dll+0x3ddc3f]
V  [jvm.dll+0x3de73f]
V  [jvm.dll+0x3de854]
V  [jvm.dll+0x3dea23]
V  [jvm.dll+0xe4472]
V  [jvm.dll+0x1f8a09]
V  [jvm.dll+0x229fc4]
V  [jvm.dll+0x14c6f1]
C  [java.exe+0x207a]
C  [java.exe+0xc99b]
C  [java.exe+0xca2f]
C  [KERNEL32.DLL+0x16ad]
C  [ntdll.dll+0x6e954]


---------------  P R O C E S S  ---------------

Java Threads: ( => current thread )

Other Threads:

=>0x0000000001f50800 (exited) JavaThread "Unknown thread" [_thread_in_vm, id=9112, stack(0x0000000001e30000,0x0000000001f30000)]

VM state:not at safepoint (normal execution)

VM Mutex/Monitor currently owned by a thread: None

Heap:
 PSYoungGen      total 24064K, used 419K [0x00000000e5f00000, 0x00000000e7980000, 0x0000000100000000)
  eden space 20992K, 2% used [0x00000000e5f00000,0x00000000e5f68f68,0x00000000e7380000)
  from space 3072K, 0% used [0x00000000e7680000,0x00000000e7680000,0x00000000e7980000)
  to   space 3072K, 0% used [0x00000000e7380000,0x00000000e7380000,0x00000000e7680000)
 ParOldGen       total 54784K, used 0K [0x00000000b1c00000, 0x00000000b5180000, 0x00000000e5f00000)
  object space 54784K, 0% used [0x00000000b1c00000,0x00000000b1c00000,0x00000000b5180000)
 Metaspace       used 654K, capacity 4480K, committed 4480K, reserved 1056768K
  class space    used 66K, capacity 384K, committed 384K, reserved 1048576K

Card table byte_map: [0x0000000011410000,0x0000000011690000] byte_map_base: 0x0000000010e82000

Marking Bits: (ParMarkBitMap*) 0x000000005f46b460
 Begin Bits: [0x0000000011c40000, 0x0000000012fd0000)
 End Bits:   [0x0000000012fd0000, 0x0000000014360000)

Polling page: 0x0000000000780000

CodeCache: size=245760Kb used=327Kb max_used=327Kb free=245432Kb
 bounds [0x0000000002050000, 0x00000000022c0000, 0x0000000011050000]
 total_blobs=56 nmethods=0 adapters=37
 compilation: enabled

Compilation events (0 events):
No events

GC Heap History (0 events):
No events

Deoptimization events (0 events):
No events

Internal exceptions (0 events):
No events

Events (10 events):
Event: 0.020 loading class java/lang/Short
Event: 0.020 loading class java/lang/Short done
Event: 0.020 loading class java/lang/Integer
Event: 0.020 loading class java/lang/Integer done
Event: 0.020 loading class java/lang/Long
Event: 0.020 loading class java/lang/Long done
Event: 0.020 loading class java/lang/NullPointerException
Event: 0.020 loading class java/lang/NullPointerException done
Event: 0.020 loading class java/lang/ArithmeticException
Event: 0.020 loading class java/lang/ArithmeticException done


Dynamic libraries:
0x00007ff627210000 - 0x00007ff627244000 	C:\WINDOWS\system32\java.exe
0x00007ff95f4c0000 - 0x00007ff95f66c000 	C:\WINDOWS\SYSTEM32\ntdll.dll
0x00007ff95e6d0000 - 0x00007ff95e80a000 	C:\WINDOWS\system32\KERNEL32.DLL
0x00007ff95c880000 - 0x00007ff95c98f000 	C:\WINDOWS\system32\KERNELBASE.dll
0x00007ff95b310000 - 0x00007ff95b398000 	C:\WINDOWS\system32\apphelp.dll
0x00007ff950a80000 - 0x00007ff950acf000 	C:\WINDOWS\AppPatch\AppPatch64\AcGenral.DLL
0x00007ff95ebf0000 - 0x00007ff95ec97000 	C:\WINDOWS\system32\msvcrt.dll
0x00007ff95c4e0000 - 0x00007ff95c50b000 	C:\WINDOWS\system32\SspiCli.dll
0x00007ff95ea00000 - 0x00007ff95ea51000 	C:\WINDOWS\system32\SHLWAPI.dll
0x00007ff95f0f0000 - 0x00007ff95f261000 	C:\WINDOWS\system32\USER32.dll
0x00007ff95eca0000 - 0x00007ff95ee18000 	C:\WINDOWS\system32\ole32.dll
0x00007ff95d1b0000 - 0x00007ff95e6c8000 	C:\WINDOWS\system32\SHELL32.dll
0x00007ff95bcf0000 - 0x00007ff95bd0e000 	C:\WINDOWS\system32\USERENV.dll
0x00007ff95ef70000 - 0x00007ff95f015000 	C:\WINDOWS\system32\ADVAPI32.dll
0x00007ff9559d0000 - 0x00007ff9559eb000 	C:\WINDOWS\system32\MPR.dll
0x00007ff95ccc0000 - 0x00007ff95cdf7000 	C:\WINDOWS\system32\RPCRT4.dll
0x00007ff95ce00000 - 0x00007ff95ce57000 	C:\WINDOWS\SYSTEM32\sechost.dll
0x00007ff95f2e0000 - 0x00007ff95f4b6000 	C:\WINDOWS\SYSTEM32\combase.dll
0x00007ff95ee20000 - 0x00007ff95ef64000 	C:\WINDOWS\system32\GDI32.dll
0x00007ff95c700000 - 0x00007ff95c714000 	C:\WINDOWS\system32\profapi.dll
0x00007ff95a630000 - 0x00007ff95a6e2000 	C:\WINDOWS\system32\SHCORE.dll
0x00007ff95ce60000 - 0x00007ff95ce94000 	C:\WINDOWS\system32\IMM32.DLL
0x00007ff95d050000 - 0x00007ff95d1a1000 	C:\WINDOWS\system32\MSCTF.dll
0x00007ff959780000 - 0x00007ff9599da000 	C:\WINDOWS\WinSxS\amd64_microsoft.windows.common-controls_6595b64144ccf1df_6.0.9600.17031_none_6242a4b3ecbb55a1\COMCTL32.dll
0x0000000060d90000 - 0x0000000060e62000 	C:\Program Files\Java\jre1.8.0_20\bin\msvcr100.dll
0x000000005ec90000 - 0x000000005f4e8000 	C:\Program Files\Java\jre1.8.0_20\bin\server\jvm.dll
0x00007ff94aff0000 - 0x00007ff94aff9000 	C:\WINDOWS\system32\WSOCK32.dll
0x00007ff9558e0000 - 0x00007ff9558ff000 	C:\WINDOWS\system32\WINMM.dll
0x00007ff95f270000 - 0x00007ff95f277000 	C:\WINDOWS\system32\PSAPI.DLL
0x00007ff95f090000 - 0x00007ff95f0e8000 	C:\WINDOWS\system32\WS2_32.dll
0x00007ff9558b0000 - 0x00007ff9558da000 	C:\WINDOWS\system32\WINMMBASE.dll
0x00007ff95e9f0000 - 0x00007ff95e9f9000 	C:\WINDOWS\system32\NSI.dll
0x00007ff95cb70000 - 0x00007ff95cbba000 	C:\WINDOWS\SYSTEM32\cfgmgr32.dll
0x00007ff95b570000 - 0x00007ff95b596000 	C:\WINDOWS\system32\DEVOBJ.dll
0x0000000060ec0000 - 0x0000000060ecf000 	C:\Program Files\Java\jre1.8.0_20\bin\verify.dll
0x0000000060e90000 - 0x0000000060eb8000 	C:\Program Files\Java\jre1.8.0_20\bin\java.dll
0x0000000060e70000 - 0x0000000060e86000 	C:\Program Files\Java\jre1.8.0_20\bin\zip.dll
0x00007ff9535b0000 - 0x00007ff953738000 	C:\WINDOWS\system32\dbghelp.dll

VM Arguments:
java_command: <unknown>
java_class_path (initial): .;JAVA_HOME
Launcher Type: SUN_STANDARD

Environment Variables:
JAVA_HOME=C:\Program Files\Java; C:\Program Files\Java\jdk1.8.0_20\bin
JRE_HOME=C:\Program Files\Java\jre8
CLASSPATH=.;JAVA_HOME
PATH=C:\ProgramData\Oracle\Java\javapath;C:\Program Files (x86)\Borland\Delphi7\Bin;C:\Program Files (x86)\Borland\Delphi7\Projects\Bpl\;C:\Program Files (x86)\Intel\iCLS Client\;C:\Program Files\Intel\iCLS Client\;C:\WINDOWS\system32;C:\WINDOWS;C:\WINDOWS\System32\Wbem;C:\WINDOWS\System32\WindowsPowerShell\v1.0\;C:\Program Files\Intel\Intel(R) Management Engine Components\DAL;C:\Program Files\Intel\Intel(R) Management Engine Components\IPT;C:\Program Files (x86)\Intel\Intel(R) Management Engine Components\DAL;C:\Program Files (x86)\Intel\Intel(R) Management Engine Components\IPT;C:\Program Files (x86)\Intel\OpenCL SDK\2.0\bin\x86;C:\Program Files (x86)\Intel\OpenCL SDK\2.0\bin\x64;C:\Program Files (x86)\Windows Live\Shared;C:\Program Files (x86)\Microchip\MPLAB C30\bin;C:\Program Files (x86)\Microchip\MPLAB C32 Suite\bin;C:\PROGRA~2\PICC;C:\Qt\2010.03\mingw\bin;C:\Program Files\Java\jdk1.8.0_20\bin; C:\Program Files\Java\jre8\bin;C:\Program Files (x86)\Microchip\MPLAB C30\bin;C:\Program Files\Java\jre7\bin
USERNAME=Misael-Ticiane
OS=Windows_NT
PROCESSOR_IDENTIFIER=Intel64 Family 6 Model 58 Stepping 9, GenuineIntel



---------------  S Y S T E M  ---------------

OS: Windows 8.1 , 64 bit Build 9600 

CPU:total 4 (2 cores per cpu, 2 threads per core) family 6 model 58 stepping 9, cmov, cx8, fxsr, mmx, sse, sse2, sse3, ssse3, sse4.1, sse4.2, popcnt, avx, aes, clmul, erms, ht, tsc, tscinvbit, tscinv

Memory: 4k page, physical 5125680k(993864k free), swap 5649972k(8620k free)

vm_info: Java HotSpot(TM) 64-Bit Server VM (25.20-b23) for windows-amd64 JRE (1.8.0_20-b26), built on Jul 30 2014 13:51:23 by "java_re" with MS VC++ 10.0 (VS2010)

time: Sat Apr 04 12:35:17 2015
elapsed time: 9 seconds (0d 0h 0m 9s)

