#
# There is insufficient memory for the Java Runtime Environment to continue.
# Native memory allocation (malloc) failed to allocate 174256 bytes for Chunk::new
# Possible reasons:
#   The system is out of physical RAM or swap space
#   In 32 bit mode, the process size limit was hit
# Possible solutions:
#   Reduce memory load on the system
#   Increase physical memory or swap space
#   Check if swap backing store is full
#   Use 64 bit Java on a 64 bit OS
#   Decrease Java heap size (-Xmx/-Xms)
#   Decrease number of Java threads
#   Decrease Java thread stack sizes (-Xss)
#   Set larger code cache with -XX:ReservedCodeCacheSize=
# This output file may be truncated or incomplete.
#
#  Out of Memory Error (allocation.cpp:390), pid=9208, tid=3376
#
# JRE version: Java(TM) SE Runtime Environment (8.0_20-b26) (build 1.8.0_20-b26)
# Java VM: Java HotSpot(TM) 64-Bit Server VM (25.20-b23 mixed mode windows-amd64 compressed oops)
# Failed to write core dump. Minidumps are not enabled by default on client versions of Windows
#

---------------  T H R E A D  ---------------

Current thread (0x0000000014782800):  JavaThread "C2 CompilerThread1" daemon [_thread_in_native, id=3376, stack(0x0000000015df0000,0x0000000015ef0000)]

Stack: [0x0000000015df0000,0x0000000015ef0000]
Native frames: (J=compiled Java code, j=interpreted, Vv=VM code, C=native code)
V  [jvm.dll+0x3152fa]
V  [jvm.dll+0x265d03]
V  [jvm.dll+0x266943]
V  [jvm.dll+0x25e265]
V  [jvm.dll+0xbe255]
V  [jvm.dll+0xbe6fc]
V  [jvm.dll+0x477e2c]
V  [jvm.dll+0x444e64]
V  [jvm.dll+0x4500de]
V  [jvm.dll+0x4526c8]
V  [jvm.dll+0x435fc2]
V  [jvm.dll+0x97b62]
V  [jvm.dll+0x98353]
V  [jvm.dll+0x22aac4]
V  [jvm.dll+0x283f5a]
C  [msvcr100.dll+0x21d9f]
C  [msvcr100.dll+0x21e3b]
C  [KERNEL32.DLL+0x16ad]
C  [ntdll.dll+0x6e954]


Current CompileTask:
C2:   5445  791       4       com.android.dx.ssa.back.LivenessAnalyzer::handleTailRecursion (94 bytes)


---------------  P R O C E S S  ---------------

Java Threads: ( => current thread )
  0x0000000016008800 JavaThread "Service Thread" daemon [_thread_blocked, id=8968, stack(0x00000000163f0000,0x00000000164f0000)]
  0x0000000014787000 JavaThread "C1 CompilerThread2" daemon [_thread_blocked, id=8772, stack(0x0000000015ef0000,0x0000000015ff0000)]
=>0x0000000014782800 JavaThread "C2 CompilerThread1" daemon [_thread_in_native, id=3376, stack(0x0000000015df0000,0x0000000015ef0000)]
  0x000000001477e800 JavaThread "C2 CompilerThread0" daemon [_thread_in_native, id=8664, stack(0x0000000015cf0000,0x0000000015df0000)]
  0x000000001477d800 JavaThread "Attach Listener" daemon [_thread_blocked, id=1208, stack(0x0000000015bf0000,0x0000000015cf0000)]
  0x000000001477c800 JavaThread "Signal Dispatcher" daemon [_thread_blocked, id=8212, stack(0x0000000015af0000,0x0000000015bf0000)]
  0x00000000020a5000 JavaThread "Finalizer" daemon [_thread_blocked, id=8540, stack(0x00000000159f0000,0x0000000015af0000)]
  0x000000000209e800 JavaThread "Reference Handler" daemon [_thread_blocked, id=8880, stack(0x00000000158f0000,0x00000000159f0000)]
  0x0000000001fad800 JavaThread "main" [_thread_in_Java, id=8400, stack(0x0000000001e20000,0x0000000001f20000)]

Other Threads:
  0x0000000014746000 VMThread [stack: 0x00000000157f0000,0x00000000158f0000] [id=6776]
  0x00000000147dc000 WatcherThread [stack: 0x00000000164f0000,0x00000000165f0000] [id=8440]

VM state:not at safepoint (normal execution)

VM Mutex/Monitor currently owned by a thread: None

Heap:
 PSYoungGen      total 24064K, used 4738K [0x00000000eab00000, 0x00000000ec580000, 0x0000000100000000)
  eden space 20992K, 7% used [0x00000000eab00000,0x00000000eaca1a20,0x00000000ebf80000)
  from space 3072K, 99% used [0x00000000ebf80000,0x00000000ec27f0d0,0x00000000ec280000)
  to   space 3072K, 0% used [0x00000000ec280000,0x00000000ec280000,0x00000000ec580000)
 ParOldGen       total 54784K, used 1677K [0x00000000c0000000, 0x00000000c3580000, 0x00000000eab00000)
  object space 54784K, 3% used [0x00000000c0000000,0x00000000c01a3440,0x00000000c3580000)
 Metaspace       used 5318K, capacity 6768K, committed 7040K, reserved 1056768K
  class space    used 541K, capacity 616K, committed 640K, reserved 1048576K

Card table byte_map: [0x0000000011470000,0x0000000011680000] byte_map_base: 0x0000000010e70000

Marking Bits: (ParMarkBitMap*) 0x000000005f46b460
 Begin Bits: [0x0000000011be0000, 0x0000000012be0000)
 End Bits:   [0x0000000012be0000, 0x0000000013be0000)

Polling page: 0x0000000000530000

CodeCache: size=245760Kb used=3832Kb max_used=3832Kb free=241927Kb
 bounds [0x00000000020b0000, 0x0000000002470000, 0x00000000110b0000]
 total_blobs=1178 nmethods=917 adapters=174
 compilation: disabled (not enough contiguous free space left)

Compilation events (10 events):
Event: 5.232 Thread 0x0000000014787000  872       3       com.android.dx.rop.type.Prototype::withFirstParameter (68 bytes)
Event: 5.233 Thread 0x0000000014787000 nmethod 872 0x000000000243de90 code [0x000000000243e0c0, 0x000000000243ecd8]
Event: 5.233 Thread 0x0000000014787000  873       3       com.android.dx.rop.cst.CstString::equals (24 bytes)
Event: 5.233 Thread 0x0000000014787000 nmethod 873 0x00000000023fd510 code [0x00000000023fd680, 0x00000000023fdac8]
Event: 5.234 Thread 0x0000000014787000  874       3       com.android.dx.ssa.SsaMethod::getUseListCopy (56 bytes)
Event: 5.234 Thread 0x0000000014787000 nmethod 874 0x0000000002441010 code [0x00000000024411a0, 0x00000000024416b8]
Event: 5.240 Thread 0x000000001477e800 nmethod 828 0x00000000024452d0 code [0x00000000024454a0, 0x0000000002446278]
Event: 5.240 Thread 0x000000001477e800  830       4       java.util.ArrayList::ensureCapacityInternal (23 bytes)
Event: 5.244 Thread 0x000000001477e800 nmethod 830 0x000000000243d890 code [0x000000000243d9e0, 0x000000000243dc68]
Event: 5.244 Thread 0x000000001477e800  821   !   4       com.android.dx.rop.code.RegisterSpec::intern (70 bytes)

GC Heap History (0 events):
No events

Deoptimization events (10 events):
Event: 4.975 Thread 0x0000000001fad800 Uncommon trap: reason=class_check action=maybe_recompile pc=0x0000000002336b30 method=com.android.dx.ssa.NormalSsaInsn.accept(Lcom/android/dx/ssa/SsaInsn$Visitor;)V @ 9
Event: 4.977 Thread 0x0000000001fad800 Uncommon trap: reason=class_check action=maybe_recompile pc=0x0000000002336b30 method=com.android.dx.ssa.NormalSsaInsn.accept(Lcom/android/dx/ssa/SsaInsn$Visitor;)V @ 9
Event: 5.195 Thread 0x0000000001fad800 Uncommon trap: reason=bimorphic action=maybe_recompile pc=0x00000000023ce150 method=com.android.dx.rop.code.RegisterSpec.hashCodeOf(ILcom/android/dx/rop/type/TypeBearer;Lcom/android/dx/rop/code/LocalItem;)I @ 18
Event: 5.195 Thread 0x0000000001fad800 Uncommon trap: reason=bimorphic action=maybe_recompile pc=0x00000000023ce150 method=com.android.dx.rop.code.RegisterSpec.hashCodeOf(ILcom/android/dx/rop/type/TypeBearer;Lcom/android/dx/rop/code/LocalItem;)I @ 18
Event: 5.195 Thread 0x0000000001fad800 Uncommon trap: reason=bimorphic action=maybe_recompile pc=0x00000000023ce150 method=com.android.dx.rop.code.RegisterSpec.hashCodeOf(ILcom/android/dx/rop/type/TypeBearer;Lcom/android/dx/rop/code/LocalItem;)I @ 18
Event: 5.195 Thread 0x0000000001fad800 Uncommon trap: reason=bimorphic action=maybe_recompile pc=0x00000000023f0dd0 method=com.android.dx.rop.code.RegisterSpec.equals(ILcom/android/dx/rop/type/TypeBearer;Lcom/android/dx/rop/code/LocalItem;)Z @ 13
Event: 5.225 Thread 0x0000000001fad800 Uncommon trap: reason=bimorphic action=maybe_recompile pc=0x00000000023ce150 method=com.android.dx.rop.code.RegisterSpec.hashCodeOf(ILcom/android/dx/rop/type/TypeBearer;Lcom/android/dx/rop/code/LocalItem;)I @ 18
Event: 5.225 Thread 0x0000000001fad800 Uncommon trap: reason=bimorphic action=maybe_recompile pc=0x00000000023f0dd0 method=com.android.dx.rop.code.RegisterSpec.equals(ILcom/android/dx/rop/type/TypeBearer;Lcom/android/dx/rop/code/LocalItem;)Z @ 13
Event: 5.226 Thread 0x0000000001fad800 Uncommon trap: reason=bimorphic action=maybe_recompile pc=0x00000000023f0dd0 method=com.android.dx.rop.code.RegisterSpec.equals(ILcom/android/dx/rop/type/TypeBearer;Lcom/android/dx/rop/code/LocalItem;)Z @ 13
Event: 5.226 Thread 0x0000000001fad800 Uncommon trap: reason=bimorphic action=maybe_recompile pc=0x00000000023f0dd0 method=com.android.dx.rop.code.RegisterSpec.equals(ILcom/android/dx/rop/type/TypeBearer;Lcom/android/dx/rop/code/LocalItem;)Z @ 13

Internal exceptions (2 events):
Event: 0.028 Thread 0x0000000001fad800 Exception <a 'java/lang/NoSuchMethodError': Method sun.misc.Unsafe.defineClass(Ljava/lang/String;[BII)Ljava/lang/Class; name or signature does not match> (0x00000000eab0c9d8) thrown at [D:\re\workspace\8-2-build-windows-amd64-cygwin\jdk8u20\1074\hotspot\srÎ&èq8›ú?
Event: 0.028 Thread 0x0000000001fad800 Exception <a 'java/lang/NoSuchMethodError': Method sun.misc.Unsafe.prefetchRead(Ljava/lang/Object;J)V name or signature does not match> (0x00000000eab0cc68) thrown at [D:\re\workspace\8-2-build-windows-amd64-cygwin\jdk8u20\1074\hotspot\src\share\vm\prims\j

Events (10 events):
Event: 5.225 Thread 0x0000000001fad800 DEOPT UNPACKING pc=0x00000000020f556a sp=0x0000000001f1e1a0 mode 2
Event: 5.225 Thread 0x0000000001fad800 Uncommon trap: trap_request=0xffffffc6 fr.pc=0x00000000023f0dd0
Event: 5.225 Thread 0x0000000001fad800 DEOPT PACKING pc=0x00000000023f0dd0 sp=0x0000000001f1e0b0
Event: 5.225 Thread 0x0000000001fad800 DEOPT UNPACKING pc=0x00000000020f556a sp=0x0000000001f1e040 mode 2
Event: 5.226 Thread 0x0000000001fad800 Uncommon trap: trap_request=0xffffffc6 fr.pc=0x00000000023f0dd0
Event: 5.226 Thread 0x0000000001fad800 DEOPT PACKING pc=0x00000000023f0dd0 sp=0x0000000001f1e2f0
Event: 5.226 Thread 0x0000000001fad800 DEOPT UNPACKING pc=0x00000000020f556a sp=0x0000000001f1e280 mode 2
Event: 5.226 Thread 0x0000000001fad800 Uncommon trap: trap_request=0xffffffc6 fr.pc=0x00000000023f0dd0
Event: 5.226 Thread 0x0000000001fad800 DEOPT PACKING pc=0x00000000023f0dd0 sp=0x0000000001f1e270
Event: 5.226 Thread 0x0000000001fad800 DEOPT UNPACKING pc=0x00000000020f556a sp=0x0000000001f1e200 mode 2


Dynamic libraries:
0x00007ff610210000 - 0x00007ff610244000 	C:\PROGRA~3\Oracle\Java\javapath\java.exe
0x00007ff95f4c0000 - 0x00007ff95f66c000 	C:\WINDOWS\SYSTEM32\ntdll.dll
0x00007ff95e6d0000 - 0x00007ff95e80a000 	C:\WINDOWS\system32\KERNEL32.DLL
0x00007ff95c880000 - 0x00007ff95c98f000 	C:\WINDOWS\system32\KERNELBASE.dll
0x00007ff95b310000 - 0x00007ff95b398000 	C:\WINDOWS\system32\apphelp.dll
0x00007ff950a80000 - 0x00007ff950acf000 	C:\WINDOWS\AppPatch\AppPatch64\AcGenral.DLL
0x00007ff95ebf0000 - 0x00007ff95ec97000 	C:\WINDOWS\system32\msvcrt.dll
0x00007ff95c4e0000 - 0x00007ff95c50b000 	C:\WINDOWS\SYSTEM32\SspiCli.dll
0x00007ff95ea00000 - 0x00007ff95ea51000 	C:\WINDOWS\system32\SHLWAPI.dll
0x00007ff95f0f0000 - 0x00007ff95f261000 	C:\WINDOWS\system32\USER32.dll
0x00007ff95eca0000 - 0x00007ff95ee18000 	C:\WINDOWS\system32\ole32.dll
0x00007ff95d1b0000 - 0x00007ff95e6c8000 	C:\WINDOWS\system32\SHELL32.dll
0x00007ff95bcf0000 - 0x00007ff95bd0e000 	C:\WINDOWS\SYSTEM32\USERENV.dll
0x00007ff95ef70000 - 0x00007ff95f015000 	C:\WINDOWS\system32\ADVAPI32.dll
0x00007ff9559d0000 - 0x00007ff9559eb000 	C:\WINDOWS\SYSTEM32\MPR.dll
0x00007ff95ccc0000 - 0x00007ff95cdf7000 	C:\WINDOWS\system32\RPCRT4.dll
0x00007ff95ce00000 - 0x00007ff95ce57000 	C:\WINDOWS\SYSTEM32\sechost.dll
0x00007ff95f2e0000 - 0x00007ff95f4b6000 	C:\WINDOWS\SYSTEM32\combase.dll
0x00007ff95ee20000 - 0x00007ff95ef64000 	C:\WINDOWS\system32\GDI32.dll
0x00007ff95c700000 - 0x00007ff95c714000 	C:\WINDOWS\SYSTEM32\profapi.dll
0x00007ff95a630000 - 0x00007ff95a6e2000 	C:\WINDOWS\SYSTEM32\SHCORE.dll
0x00007ff95ce60000 - 0x00007ff95ce94000 	C:\WINDOWS\system32\IMM32.DLL
0x00007ff95d050000 - 0x00007ff95d1a1000 	C:\WINDOWS\system32\MSCTF.dll
0x00007ff959780000 - 0x00007ff9599da000 	C:\WINDOWS\WinSxS\amd64_microsoft.windows.common-controls_6595b64144ccf1df_6.0.9600.17031_none_6242a4b3ecbb55a1\COMCTL32.dll
0x0000000060d90000 - 0x0000000060e62000 	C:\Program Files\Java\jre1.8.0_20\bin\msvcr100.dll
0x000000005ec90000 - 0x000000005f4e8000 	C:\Program Files\Java\jre1.8.0_20\bin\server\jvm.dll
0x00007ff94aff0000 - 0x00007ff94aff9000 	C:\WINDOWS\SYSTEM32\WSOCK32.dll
0x00007ff9558e0000 - 0x00007ff9558ff000 	C:\WINDOWS\SYSTEM32\WINMM.dll
0x00007ff95f270000 - 0x00007ff95f277000 	C:\WINDOWS\system32\PSAPI.DLL
0x00007ff95f090000 - 0x00007ff95f0e8000 	C:\WINDOWS\system32\WS2_32.dll
0x00007ff9558b0000 - 0x00007ff9558da000 	C:\WINDOWS\SYSTEM32\WINMMBASE.dll
0x00007ff95e9f0000 - 0x00007ff95e9f9000 	C:\WINDOWS\system32\NSI.dll
0x00007ff95cb70000 - 0x00007ff95cbba000 	C:\WINDOWS\SYSTEM32\cfgmgr32.dll
0x00007ff95b570000 - 0x00007ff95b596000 	C:\WINDOWS\SYSTEM32\DEVOBJ.dll
0x0000000060ec0000 - 0x0000000060ecf000 	C:\Program Files\Java\jre1.8.0_20\bin\verify.dll
0x0000000060e90000 - 0x0000000060eb8000 	C:\Program Files\Java\jre1.8.0_20\bin\java.dll
0x0000000060e70000 - 0x0000000060e86000 	C:\Program Files\Java\jre1.8.0_20\bin\zip.dll
0x00007ff9535b0000 - 0x00007ff953738000 	C:\WINDOWS\SYSTEM32\dbghelp.dll

VM Arguments:
jvm_args: -Xmx1024M -Xss1m -Djava.ext.dirs=C:\Users\Misael-Ticiane\AppData\Local\Android\sdk1\build-tools\21.1.2\lib 
java_command: C:\Users\Misael-Ticiane\AppData\Local\Android\sdk1\build-tools\21.1.2\lib\dx.jar --dex --output C:\GoogleDrive\Dropbox\ADS\5_semestre\disp_moveis\atividades\TrabalhoMisaelRodrigo\app\build\intermediates\pre-dexed\debug\classes-f50480bc767601d50fb44bad45f2ec37e5bcd0f3.jar C:\GoogleDrive\Dropbox\ADS\5_semestre\disp_moveis\atividades\TrabalhoMisaelRodrigo\app\build\intermediates\exploded-aar\com.android.support\appcompat-v7\21.0.3\classes.jar
java_class_path (initial): C:\Users\Misael-Ticiane\AppData\Local\Android\sdk1\build-tools\21.1.2\lib\dx.jar
Launcher Type: SUN_STANDARD

Environment Variables:
JAVA_HOME=C:\Program Files\Java; C:\Program Files\Java\jdk1.8.0_20\bin
JRE_HOME=C:\Program Files\Java\jre8
CLASSPATH=.;JAVA_HOME
PATH=C:\ProgramData\Oracle\Java\javapath;C:\Program Files (x86)\Borland\Delphi7\Bin;C:\Program Files (x86)\Borland\Delphi7\Projects\Bpl\;C:\Program Files (x86)\Intel\iCLS Client\;C:\Program Files\Intel\iCLS Client\;C:\WINDOWS\system32;C:\WINDOWS;C:\WINDOWS\System32\Wbem;C:\WINDOWS\System32\WindowsPowerShell\v1.0\;C:\Program Files\Intel\Intel(R) Management Engine Components\DAL;C:\Program Files\Intel\Intel(R) Management Engine Components\IPT;C:\Program Files (x86)\Intel\Intel(R) Management Engine Components\DAL;C:\Program Files (x86)\Intel\Intel(R) Management Engine Components\IPT;C:\Program Files (x86)\Intel\OpenCL SDK\2.0\bin\x86;C:\Program Files (x86)\Intel\OpenCL SDK\2.0\bin\x64;C:\Program Files (x86)\Windows Live\Shared;C:\Program Files (x86)\Microchip\MPLAB C30\bin;C:\Program Files (x86)\Microchip\MPLAB C32 Suite\bin;C:\PROGRA~2\PICC;C:\Qt\2010.03\mingw\bin;C:\Program Files\Java\jdk1.8.0_20\bin; C:\Program Files\Java\jre8\bin;C:\Program Files (x86)\Microchip\MPLAB C30\bin;C:\Program Files\Java\jre7\bin
USERNAME=Misael-Ticiane
OS=Windows_NT
PROCESSOR_IDENTIFIER=Intel64 Family 6 Model 58 Stepping 9, GenuineIntel



---------------  S Y S T E M  ---------------

OS: Windows 8.1 , 64 bit Build 9600 

CPU:total 4 (2 cores per cpu, 2 threads per core) family 6 model 58 stepping 9, cmov, cx8, fxsr, mmx, sse, sse2, sse3, ssse3, sse4.1, sse4.2, popcnt, avx, aes, clmul, erms, ht, tsc, tscinvbit, tscinv

Memory: 4k page, physical 5125680k(969344k free), swap 5649972k(162588k free)

vm_info: Java HotSpot(TM) 64-Bit Server VM (25.20-b23) for windows-amd64 JRE (1.8.0_20-b26), built on Jul 30 2014 13:51:23 by "java_re" with MS VC++ 10.0 (VS2010)

time: Sat Apr 04 12:35:23 2015
elapsed time: 5 seconds (0d 0h 0m 5s)

